<?xml version="1.0" encoding="UTF-8"?>
<testng-results ignored="0" total="2" passed="2" failed="0" skipped="0">
  <reporter-output>
  </reporter-output>
  <suite started-at="2022-12-16T19:21:41 EST" name="Suite" finished-at="2022-12-16T19:22:05 EST" duration-ms="23891">
    <groups>
    </groups>
    <test started-at="2022-12-16T19:21:41 EST" name="Test" finished-at="2022-12-16T19:22:05 EST" duration-ms="23891">
      <class name="TestNG_Training.First_Test_Case">
        <test-method is-config="true" signature="browserssetup()[pri:0, instance:TestNG_Training.First_Test_Case@27f981c6]" started-at="2022-12-16T19:21:41 EST" name="browserssetup" finished-at="2022-12-16T19:21:47 EST" duration-ms="5624" status="PASS">
          <reporter-output>
          </reporter-output>
        </test-method> <!-- browserssetup -->
        <test-method signature="logingwithtruecredentials()[pri:0, instance:TestNG_Training.First_Test_Case@27f981c6]" started-at="2022-12-16T19:21:47 EST" name="logingwithtruecredentials" finished-at="2022-12-16T19:21:47 EST" duration-ms="5" status="PASS">
          <reporter-output>
          </reporter-output>
        </test-method> <!-- logingwithtruecredentials -->
        <test-method signature="loginwithnopassword()[pri:0, instance:TestNG_Training.First_Test_Case@27f981c6]" started-at="2022-12-16T19:21:47 EST" name="loginwithnopassword" finished-at="2022-12-16T19:22:05 EST" duration-ms="18212" status="PASS">
          <reporter-output>
          </reporter-output>
        </test-method> <!-- loginwithnopassword -->
      </class> <!-- TestNG_Training.First_Test_Case -->
    </test> <!-- Test -->
  </suite> <!-- Suite -->
</testng-results>
